{"C:\\Users\\kraus\\Documents\\repos\\care_connect_hearing\\web\\main\\src\\components\\forms\\TextField.tsx": {"path":"C:\\Users\\kraus\\Documents\\repos\\care_connect_hearing\\web\\main\\src\\components\\forms\\TextField.tsx","statementMap":{"0":{"start":{"line":18,"column":18},"end":{"line":112,"column":null}},"1":{"start":{"line":34,"column":24},"end":{"line":34,"column":30}},"2":{"start":{"line":35,"column":20},"end":{"line":35,"column":null}},"3":{"start":{"line":37,"column":21},"end":{"line":37,"column":null}},"4":{"start":{"line":38,"column":20},"end":{"line":38,"column":null}},"5":{"start":{"line":41,"column":6},"end":{"line":41,"column":null}},"6":{"start":{"line":43,"column":4},"end":{"line":109,"column":null}},"7":{"start":{"line":114,"column":0},"end":{"line":114,"column":null}}},"fnMap":{"0":{"name":"(anonymous_0)","decl":{"start":{"line":18,"column":18},"end":{"line":18,"column":null}},"loc":{"start":{"line":33,"column":7},"end":{"line":111,"column":null}},"line":33}},"branchMap":{"0":{"loc":{"start":{"line":35,"column":20},"end":{"line":35,"column":null}},"type":"binary-expr","locations":[{"start":{"line":35,"column":20},"end":{"line":35,"column":26}},{"start":{"line":35,"column":26},"end":{"line":35,"column":null}}],"line":35},"1":{"loc":{"start":{"line":37,"column":21},"end":{"line":37,"column":null}},"type":"cond-expr","locations":[{"start":{"line":37,"column":34},"end":{"line":37,"column":56}},{"start":{"line":37,"column":56},"end":{"line":37,"column":null}}],"line":37},"2":{"loc":{"start":{"line":38,"column":20},"end":{"line":38,"column":null}},"type":"cond-expr","locations":[{"start":{"line":38,"column":35},"end":{"line":38,"column":56}},{"start":{"line":38,"column":56},"end":{"line":38,"column":null}}],"line":38},"3":{"loc":{"start":{"line":41,"column":6},"end":{"line":41,"column":null}},"type":"binary-expr","locations":[{"start":{"line":41,"column":6},"end":{"line":41,"column":55}},{"start":{"line":41,"column":55},"end":{"line":41,"column":null}}],"line":41},"4":{"loc":{"start":{"line":51,"column":11},"end":{"line":56,"column":null}},"type":"binary-expr","locations":[{"start":{"line":51,"column":11},"end":{"line":51,"column":null}},{"start":{"line":52,"column":12},"end":{"line":56,"column":null}}],"line":51},"5":{"loc":{"start":{"line":59,"column":11},"end":{"line":65,"column":null}},"type":"binary-expr","locations":[{"start":{"line":59,"column":11},"end":{"line":59,"column":null}},{"start":{"line":60,"column":12},"end":{"line":65,"column":null}}],"line":59},"6":{"loc":{"start":{"line":73,"column":26},"end":{"line":73,"column":null}},"type":"cond-expr","locations":[{"start":{"line":73,"column":41},"end":{"line":73,"column":48}},{"start":{"line":73,"column":48},"end":{"line":73,"column":null}}],"line":73},"7":{"loc":{"start":{"line":81,"column":14},"end":{"line":81,"column":null}},"type":"binary-expr","locations":[{"start":{"line":81,"column":14},"end":{"line":81,"column":27}},{"start":{"line":81,"column":27},"end":{"line":81,"column":null}}],"line":81},"8":{"loc":{"start":{"line":82,"column":14},"end":{"line":82,"column":null}},"type":"binary-expr","locations":[{"start":{"line":82,"column":14},"end":{"line":82,"column":25}},{"start":{"line":82,"column":25},"end":{"line":82,"column":null}}],"line":82},"9":{"loc":{"start":{"line":83,"column":14},"end":{"line":85,"column":null}},"type":"cond-expr","locations":[{"start":{"line":84,"column":18},"end":{"line":84,"column":null}},{"start":{"line":85,"column":18},"end":{"line":85,"column":null}}],"line":83},"10":{"loc":{"start":{"line":91,"column":11},"end":{"line":94,"column":null}},"type":"binary-expr","locations":[{"start":{"line":91,"column":11},"end":{"line":91,"column":null}},{"start":{"line":92,"column":12},"end":{"line":94,"column":null}}],"line":91},"11":{"loc":{"start":{"line":98,"column":9},"end":{"line":101,"column":null}},"type":"binary-expr","locations":[{"start":{"line":98,"column":9},"end":{"line":98,"column":null}},{"start":{"line":99,"column":10},"end":{"line":101,"column":null}}],"line":98},"12":{"loc":{"start":{"line":104,"column":9},"end":{"line":107,"column":null}},"type":"binary-expr","locations":[{"start":{"line":104,"column":9},"end":{"line":104,"column":null}},{"start":{"line":105,"column":10},"end":{"line":107,"column":null}}],"line":104}},"s":{"0":2,"1":24,"2":24,"3":24,"4":24,"5":24,"6":24,"7":2},"f":{"0":24},"b":{"0":[24,24],"1":[4,20],"2":[4,20],"3":[24,16],"4":[24,12],"5":[24,16],"6":[4,20],"7":[24,16],"8":[24,0],"9":[4,20],"10":[24,0],"11":[24,4],"12":[24,4]},"meta":{"lastBranch":13,"lastFunction":1,"lastStatement":8,"seen":{"s:18:18:112:Infinity":0,"f:18:18:18:Infinity":0,"s:34:24:34:30":1,"s:35:20:35:Infinity":2,"b:35:20:35:26:35:26:35:Infinity":0,"s:37:21:37:Infinity":3,"b:37:34:37:56:37:56:37:Infinity":1,"s:38:20:38:Infinity":4,"b:38:35:38:56:38:56:38:Infinity":2,"s:41:6:41:Infinity":5,"b:41:6:41:55:41:55:41:Infinity":3,"s:43:4:109:Infinity":6,"b:51:11:51:Infinity:52:12:56:Infinity":4,"b:59:11:59:Infinity:60:12:65:Infinity":5,"b:73:41:73:48:73:48:73:Infinity":6,"b:81:14:81:27:81:27:81:Infinity":7,"b:82:14:82:25:82:25:82:Infinity":8,"b:84:18:84:Infinity:85:18:85:Infinity":9,"b:91:11:91:Infinity:92:12:94:Infinity":10,"b:98:9:98:Infinity:99:10:101:Infinity":11,"b:104:9:104:Infinity:105:10:107:Infinity":12,"s:114:0:114:Infinity":7},"fnNames":{}}}
,"C:\\Users\\kraus\\Documents\\repos\\care_connect_hearing\\web\\main\\src\\components\\ui\\Button.tsx": {"path":"C:\\Users\\kraus\\Documents\\repos\\care_connect_hearing\\web\\main\\src\\components\\ui\\Button.tsx","statementMap":{"0":{"start":{"line":6,"column":23},"end":{"line":52,"column":null}},"1":{"start":{"line":70,"column":21},"end":{"line":70,"column":null}},"2":{"start":{"line":72,"column":2},"end":{"line":88,"column":null}}},"fnMap":{"0":{"name":"Button","decl":{"start":{"line":59,"column":9},"end":{"line":59,"column":16}},"loc":{"start":{"line":69,"column":16},"end":{"line":90,"column":null}},"line":69}},"branchMap":{"0":{"loc":{"start":{"line":64,"column":2},"end":{"line":64,"column":null}},"type":"default-arg","locations":[{"start":{"line":64,"column":12},"end":{"line":64,"column":null}}],"line":64},"1":{"loc":{"start":{"line":67,"column":2},"end":{"line":67,"column":null}},"type":"default-arg","locations":[{"start":{"line":67,"column":9},"end":{"line":67,"column":null}}],"line":67},"2":{"loc":{"start":{"line":70,"column":21},"end":{"line":70,"column":null}},"type":"binary-expr","locations":[{"start":{"line":70,"column":21},"end":{"line":70,"column":33}},{"start":{"line":70,"column":33},"end":{"line":70,"column":null}}],"line":70},"3":{"loc":{"start":{"line":84,"column":17},"end":{"line":84,"column":null}},"type":"binary-expr","locations":[{"start":{"line":84,"column":17},"end":{"line":84,"column":28}},{"start":{"line":84,"column":28},"end":{"line":84,"column":null}}],"line":84},"4":{"loc":{"start":{"line":87,"column":7},"end":{"line":87,"column":null}},"type":"cond-expr","locations":[{"start":{"line":87,"column":17},"end":{"line":87,"column":32}},{"start":{"line":87,"column":32},"end":{"line":87,"column":null}}],"line":87}},"s":{"0":4,"1":19,"2":19},"f":{"0":19},"b":{"0":[19],"1":[19],"2":[19,19],"3":[19,19],"4":[0,19]},"meta":{"lastBranch":5,"lastFunction":1,"lastStatement":3,"seen":{"s:6:23:52:Infinity":0,"f:59:9:59:16":0,"b:64:12:64:Infinity":0,"b:67:9:67:Infinity":1,"s:70:21:70:Infinity":1,"b:70:21:70:33:70:33:70:Infinity":2,"s:72:2:88:Infinity":2,"b:84:17:84:28:84:28:84:Infinity":3,"b:87:17:87:32:87:32:87:Infinity":4},"fnNames":{}}}
,"C:\\Users\\kraus\\Documents\\repos\\care_connect_hearing\\web\\main\\src\\lib\\utils.ts": {"path":"C:\\Users\\kraus\\Documents\\repos\\care_connect_hearing\\web\\main\\src\\lib\\utils.ts","statementMap":{"0":{"start":{"line":11,"column":2},"end":{"line":11,"column":null}}},"fnMap":{"0":{"name":"cn","decl":{"start":{"line":10,"column":16},"end":{"line":10,"column":19}},"loc":{"start":{"line":10,"column":44},"end":{"line":12,"column":null}},"line":10}},"branchMap":{},"s":{"0":43},"f":{"0":43},"b":{},"meta":{"lastBranch":0,"lastFunction":1,"lastStatement":1,"seen":{"f:10:16:10:19":0,"s:11:2:11:Infinity":0},"fnNames":{}}}
,"C:\\Users\\kraus\\Documents\\repos\\care_connect_hearing\\web\\main\\src\\pages\\Alerts\\Alerts.tsx": {"path":"C:\\Users\\kraus\\Documents\\repos\\care_connect_hearing\\web\\main\\src\\pages\\Alerts\\Alerts.tsx","statementMap":{"0":{"start":{"line":4,"column":18},"end":{"line":9,"column":null}},"1":{"start":{"line":12,"column":30},"end":{"line":12,"column":null}},"2":{"start":{"line":13,"column":18},"end":{"line":13,"column":null}},"3":{"start":{"line":15,"column":19},"end":{"line":17,"column":null}},"4":{"start":{"line":17,"column":28},"end":{"line":17,"column":47}},"5":{"start":{"line":19,"column":2},"end":{"line":61,"column":null}},"6":{"start":{"line":29,"column":10},"end":{"line":40,"column":null}},"7":{"start":{"line":31,"column":27},"end":{"line":31,"column":null}},"8":{"start":{"line":45,"column":10},"end":{"line":58,"column":null}}},"fnMap":{"0":{"name":"Alerts","decl":{"start":{"line":11,"column":9},"end":{"line":11,"column":18}},"loc":{"start":{"line":11,"column":18},"end":{"line":63,"column":null}},"line":11},"1":{"name":"(anonymous_1)","decl":{"start":{"line":17,"column":16},"end":{"line":17,"column":23}},"loc":{"start":{"line":17,"column":28},"end":{"line":17,"column":47}},"line":17},"2":{"name":"(anonymous_2)","decl":{"start":{"line":28,"column":17},"end":{"line":28,"column":21}},"loc":{"start":{"line":29,"column":10},"end":{"line":40,"column":null}},"line":29},"3":{"name":"(anonymous_3)","decl":{"start":{"line":31,"column":12},"end":{"line":31,"column":27}},"loc":{"start":{"line":31,"column":27},"end":{"line":31,"column":null}},"line":31},"4":{"name":"(anonymous_4)","decl":{"start":{"line":44,"column":18},"end":{"line":44,"column":22}},"loc":{"start":{"line":45,"column":10},"end":{"line":58,"column":null}},"line":45}},"branchMap":{"0":{"loc":{"start":{"line":15,"column":19},"end":{"line":17,"column":null}},"type":"cond-expr","locations":[{"start":{"line":16,"column":6},"end":{"line":16,"column":null}},{"start":{"line":17,"column":6},"end":{"line":17,"column":null}}],"line":15},"1":{"loc":{"start":{"line":33,"column":14},"end":{"line":35,"column":null}},"type":"cond-expr","locations":[{"start":{"line":34,"column":18},"end":{"line":34,"column":null}},{"start":{"line":35,"column":18},"end":{"line":35,"column":null}}],"line":33}},"s":{"0":1,"1":8,"2":8,"3":8,"4":8,"5":8,"6":40,"7":3,"8":26},"f":{"0":8,"1":8,"2":40,"3":3,"4":26},"b":{"0":[6,2],"1":[8,32]},"meta":{"lastBranch":2,"lastFunction":5,"lastStatement":9,"seen":{"s:4:18:9:Infinity":0,"f:11:9:11:18":0,"s:12:30:12:Infinity":1,"s:13:18:13:Infinity":2,"s:15:19:17:Infinity":3,"b:16:6:16:Infinity:17:6:17:Infinity":0,"f:17:16:17:23":1,"s:17:28:17:47":4,"s:19:2:61:Infinity":5,"f:28:17:28:21":2,"s:29:10:40:Infinity":6,"f:31:12:31:27":3,"s:31:27:31:Infinity":7,"b:34:18:34:Infinity:35:18:35:Infinity":1,"f:44:18:44:22":4,"s:45:10:58:Infinity":8},"fnNames":{}}}
,"C:\\Users\\kraus\\Documents\\repos\\care_connect_hearing\\web\\main\\src\\pages\\Emergency\\Emergency.tsx": {"path":"C:\\Users\\kraus\\Documents\\repos\\care_connect_hearing\\web\\main\\src\\pages\\Emergency\\Emergency.tsx","statementMap":{"0":{"start":{"line":6,"column":2},"end":{"line":36,"column":null}}},"fnMap":{"0":{"name":"Emergency","decl":{"start":{"line":5,"column":9},"end":{"line":5,"column":21}},"loc":{"start":{"line":5,"column":21},"end":{"line":38,"column":null}},"line":5}},"branchMap":{},"s":{"0":3},"f":{"0":3},"b":{},"meta":{"lastBranch":0,"lastFunction":1,"lastStatement":1,"seen":{"f:5:9:5:21":0,"s:6:2:36:Infinity":0},"fnNames":{}}}
,"C:\\Users\\kraus\\Documents\\repos\\care_connect_hearing\\web\\main\\src\\pages\\Home\\Home.tsx": {"path":"C:\\Users\\kraus\\Documents\\repos\\care_connect_hearing\\web\\main\\src\\pages\\Home\\Home.tsx","statementMap":{"0":{"start":{"line":13,"column":19},"end":{"line":13,"column":31}},"1":{"start":{"line":14,"column":16},"end":{"line":19,"column":null}},"2":{"start":{"line":21,"column":2},"end":{"line":40,"column":null}},"3":{"start":{"line":29,"column":10},"end":{"line":37,"column":null}},"4":{"start":{"line":36,"column":27},"end":{"line":36,"column":null}}},"fnMap":{"0":{"name":"Home","decl":{"start":{"line":12,"column":9},"end":{"line":12,"column":16}},"loc":{"start":{"line":12,"column":16},"end":{"line":42,"column":null}},"line":12},"1":{"name":"(anonymous_1)","decl":{"start":{"line":28,"column":15},"end":{"line":28,"column":20}},"loc":{"start":{"line":29,"column":10},"end":{"line":37,"column":null}},"line":29},"2":{"name":"(anonymous_2)","decl":{"start":{"line":36,"column":12},"end":{"line":36,"column":27}},"loc":{"start":{"line":36,"column":27},"end":{"line":36,"column":null}},"line":36}},"branchMap":{},"s":{"0":6,"1":6,"2":6,"3":24,"4":4},"f":{"0":6,"1":24,"2":4},"b":{},"meta":{"lastBranch":0,"lastFunction":3,"lastStatement":5,"seen":{"f:12:9:12:16":0,"s:13:19:13:31":0,"s:14:16:19:Infinity":1,"s:21:2:40:Infinity":2,"f:28:15:28:20":1,"s:29:10:37:Infinity":3,"f:36:12:36:27":2,"s:36:27:36:Infinity":4},"fnNames":{}}}
,"C:\\Users\\kraus\\Documents\\repos\\care_connect_hearing\\web\\main\\src\\pages\\Login\\Login.tsx": {"path":"C:\\Users\\kraus\\Documents\\repos\\care_connect_hearing\\web\\main\\src\\pages\\Login\\Login.tsx","statementMap":{"0":{"start":{"line":19,"column":21},"end":{"line":19,"column":33}},"1":{"start":{"line":21,"column":10},"end":{"line":24,"column":null}},"2":{"start":{"line":22,"column":4},"end":{"line":22,"column":null}},"3":{"start":{"line":23,"column":4},"end":{"line":23,"column":null}},"4":{"start":{"line":26,"column":2},"end":{"line":119,"column":null}}},"fnMap":{"0":{"name":"Login","decl":{"start":{"line":17,"column":9},"end":{"line":17,"column":17}},"loc":{"start":{"line":17,"column":17},"end":{"line":121,"column":null}},"line":17},"1":{"name":"(anonymous_1)","decl":{"start":{"line":21,"column":10},"end":{"line":21,"column":26}},"loc":{"start":{"line":21,"column":70},"end":{"line":24,"column":null}},"line":21}},"branchMap":{},"s":{"0":4,"1":4,"2":1,"3":1,"4":4},"f":{"0":4,"1":1},"b":{},"meta":{"lastBranch":0,"lastFunction":2,"lastStatement":5,"seen":{"f:17:9:17:17":0,"s:19:21:19:33":0,"s:21:10:24:Infinity":1,"f:21:10:21:26":1,"s:22:4:22:Infinity":2,"s:23:4:23:Infinity":3,"s:26:2:119:Infinity":4},"fnNames":{}}}
,"C:\\Users\\kraus\\Documents\\repos\\care_connect_hearing\\web\\main\\src\\pages\\Messages\\Messages.tsx": {"path":"C:\\Users\\kraus\\Documents\\repos\\care_connect_hearing\\web\\main\\src\\pages\\Messages\\Messages.tsx","statementMap":{"0":{"start":{"line":5,"column":22},"end":{"line":10,"column":null}},"1":{"start":{"line":13,"column":36},"end":{"line":13,"column":null}},"2":{"start":{"line":14,"column":34},"end":{"line":14,"column":null}},"3":{"start":{"line":16,"column":2},"end":{"line":81,"column":null}},"4":{"start":{"line":28,"column":12},"end":{"line":44,"column":null}},"5":{"start":{"line":30,"column":29},"end":{"line":30,"column":null}},"6":{"start":{"line":63,"column":29},"end":{"line":63,"column":null}},"7":{"start":{"line":71,"column":29},"end":{"line":71,"column":null}}},"fnMap":{"0":{"name":"Messages","decl":{"start":{"line":12,"column":9},"end":{"line":12,"column":20}},"loc":{"start":{"line":12,"column":20},"end":{"line":83,"column":null}},"line":12},"1":{"name":"(anonymous_1)","decl":{"start":{"line":27,"column":25},"end":{"line":27,"column":29}},"loc":{"start":{"line":28,"column":12},"end":{"line":44,"column":null}},"line":28},"2":{"name":"(anonymous_2)","decl":{"start":{"line":30,"column":14},"end":{"line":30,"column":29}},"loc":{"start":{"line":30,"column":29},"end":{"line":30,"column":null}},"line":30},"3":{"name":"(anonymous_3)","decl":{"start":{"line":63,"column":14},"end":{"line":63,"column":29}},"loc":{"start":{"line":63,"column":29},"end":{"line":63,"column":null}},"line":63},"4":{"name":"(anonymous_4)","decl":{"start":{"line":71,"column":14},"end":{"line":71,"column":29}},"loc":{"start":{"line":71,"column":29},"end":{"line":71,"column":null}},"line":71}},"branchMap":{"0":{"loc":{"start":{"line":32,"column":16},"end":{"line":34,"column":null}},"type":"cond-expr","locations":[{"start":{"line":33,"column":20},"end":{"line":33,"column":null}},{"start":{"line":34,"column":20},"end":{"line":34,"column":null}}],"line":32},"1":{"loc":{"start":{"line":43,"column":15},"end":{"line":43,"column":null}},"type":"binary-expr","locations":[{"start":{"line":43,"column":15},"end":{"line":43,"column":27}},{"start":{"line":43,"column":27},"end":{"line":43,"column":null}}],"line":43},"2":{"loc":{"start":{"line":50,"column":15},"end":{"line":54,"column":null}},"type":"cond-expr","locations":[{"start":{"line":51,"column":18},"end":{"line":51,"column":null}},{"start":{"line":52,"column":18},"end":{"line":54,"column":null}}],"line":50},"3":{"loc":{"start":{"line":52,"column":18},"end":{"line":54,"column":null}},"type":"cond-expr","locations":[{"start":{"line":53,"column":20},"end":{"line":53,"column":null}},{"start":{"line":54,"column":20},"end":{"line":54,"column":null}}],"line":52},"4":{"loc":{"start":{"line":58,"column":53},"end":{"line":58,"column":100}},"type":"cond-expr","locations":[{"start":{"line":58,"column":65},"end":{"line":58,"column":82}},{"start":{"line":58,"column":82},"end":{"line":58,"column":100}}],"line":58},"5":{"loc":{"start":{"line":59,"column":53},"end":{"line":59,"column":95}},"type":"cond-expr","locations":[{"start":{"line":59,"column":65},"end":{"line":59,"column":82}},{"start":{"line":59,"column":82},"end":{"line":59,"column":95}}],"line":59}},"s":{"0":1,"1":8,"2":8,"3":8,"4":32,"5":1,"6":1,"7":1},"f":{"0":8,"1":32,"2":1,"3":1,"4":1},"b":{"0":[1,31],"1":[32,16],"2":[1,7],"3":[1,6],"4":[1,7],"5":[1,7]},"meta":{"lastBranch":6,"lastFunction":5,"lastStatement":8,"seen":{"s:5:22:10:Infinity":0,"f:12:9:12:20":0,"s:13:36:13:Infinity":1,"s:14:34:14:Infinity":2,"s:16:2:81:Infinity":3,"f:27:25:27:29":1,"s:28:12:44:Infinity":4,"f:30:14:30:29":2,"s:30:29:30:Infinity":5,"b:33:20:33:Infinity:34:20:34:Infinity":0,"b:43:15:43:27:43:27:43:Infinity":1,"b:51:18:51:Infinity:52:18:54:Infinity":2,"b:53:20:53:Infinity:54:20:54:Infinity":3,"b:58:65:58:82:58:82:58:100":4,"b:59:65:59:82:59:82:59:95":5,"f:63:14:63:29":3,"s:63:29:63:Infinity":6,"f:71:14:71:29":4,"s:71:29:71:Infinity":7},"fnNames":{}}}
,"C:\\Users\\kraus\\Documents\\repos\\care_connect_hearing\\web\\main\\src\\pages\\Settings\\Settings.tsx": {"path":"C:\\Users\\kraus\\Documents\\repos\\care_connect_hearing\\web\\main\\src\\pages\\Settings\\Settings.tsx","statementMap":{"0":{"start":{"line":8,"column":48},"end":{"line":14,"column":null}},"1":{"start":{"line":17,"column":38},"end":{"line":17,"column":null}},"2":{"start":{"line":18,"column":34},"end":{"line":18,"column":null}},"3":{"start":{"line":19,"column":42},"end":{"line":19,"column":null}},"4":{"start":{"line":21,"column":0},"end":{"line":23,"column":null}},"5":{"start":{"line":22,"column":2},"end":{"line":22,"column":null}},"6":{"start":{"line":25,"column":2},"end":{"line":111,"column":null}},"7":{"start":{"line":50,"column":27},"end":{"line":50,"column":null}},"8":{"start":{"line":74,"column":27},"end":{"line":74,"column":null}},"9":{"start":{"line":93,"column":29},"end":{"line":93,"column":null}}},"fnMap":{"0":{"name":"Settings","decl":{"start":{"line":16,"column":9},"end":{"line":16,"column":20}},"loc":{"start":{"line":16,"column":20},"end":{"line":113,"column":null}},"line":16},"1":{"name":"(anonymous_1)","decl":{"start":{"line":21,"column":0},"end":{"line":21,"column":16}},"loc":{"start":{"line":21,"column":16},"end":{"line":23,"column":3}},"line":21},"2":{"name":"(anonymous_2)","decl":{"start":{"line":50,"column":10},"end":{"line":50,"column":21}},"loc":{"start":{"line":50,"column":27},"end":{"line":50,"column":null}},"line":50},"3":{"name":"(anonymous_3)","decl":{"start":{"line":74,"column":10},"end":{"line":74,"column":21}},"loc":{"start":{"line":74,"column":27},"end":{"line":74,"column":null}},"line":74},"4":{"name":"(anonymous_4)","decl":{"start":{"line":93,"column":12},"end":{"line":93,"column":23}},"loc":{"start":{"line":93,"column":29},"end":{"line":93,"column":null}},"line":93}},"branchMap":{"0":{"loc":{"start":{"line":34,"column":10},"end":{"line":36,"column":null}},"type":"cond-expr","locations":[{"start":{"line":35,"column":14},"end":{"line":35,"column":null}},{"start":{"line":36,"column":14},"end":{"line":36,"column":null}}],"line":34},"1":{"loc":{"start":{"line":102,"column":30},"end":{"line":102,"column":null}},"type":"cond-expr","locations":[{"start":{"line":102,"column":45},"end":{"line":102,"column":57}},{"start":{"line":102,"column":57},"end":{"line":102,"column":null}}],"line":102}},"s":{"0":1,"1":8,"2":8,"3":8,"4":8,"5":6,"6":8,"7":1,"8":1,"9":1},"f":{"0":8,"1":6,"2":1,"3":1,"4":1},"b":{"0":[7,1],"1":[7,1]},"meta":{"lastBranch":2,"lastFunction":5,"lastStatement":10,"seen":{"s:8:48:14:Infinity":0,"f:16:9:16:20":0,"s:17:38:17:Infinity":1,"s:18:34:18:Infinity":2,"s:19:42:19:Infinity":3,"s:21:0:23:Infinity":4,"f:21:0:21:16":1,"s:22:2:22:Infinity":5,"s:25:2:111:Infinity":6,"b:35:14:35:Infinity:36:14:36:Infinity":0,"f:50:10:50:21":2,"s:50:27:50:Infinity":7,"f:74:10:74:21":3,"s:74:27:74:Infinity":8,"f:93:12:93:23":4,"s:93:29:93:Infinity":9,"b:102:45:102:57:102:57:102:Infinity":1},"fnNames":{}}}
,"C:\\Users\\kraus\\Documents\\repos\\care_connect_hearing\\web\\main\\src\\pages\\Welcome\\Welcome.tsx": {"path":"C:\\Users\\kraus\\Documents\\repos\\care_connect_hearing\\web\\main\\src\\pages\\Welcome\\Welcome.tsx","statementMap":{"0":{"start":{"line":7,"column":2},"end":{"line":53,"column":null}}},"fnMap":{"0":{"name":"Welcome","decl":{"start":{"line":6,"column":9},"end":{"line":6,"column":19}},"loc":{"start":{"line":6,"column":19},"end":{"line":55,"column":null}},"line":6}},"branchMap":{},"s":{"0":4},"f":{"0":4},"b":{},"meta":{"lastBranch":0,"lastFunction":1,"lastStatement":1,"seen":{"f:6:9:6:19":0,"s:7:2:53:Infinity":0},"fnNames":{}}}
}
