{"/Users/cami/care_connect_hearing/mobile_native/src/app/index.tsx": {"path":"/Users/cami/care_connect_hearing/mobile_native/src/app/index.tsx","statementMap":{"0":{"start":{"line":6,"column":34},"end":{"line":6,"column":49}},"1":{"start":{"line":9,"column":2},"end":{"line":16,"column":3}},"2":{"start":{"line":10,"column":4},"end":{"line":15,"column":6}},"3":{"start":{"line":18,"column":2},"end":{"line":59,"column":4}},"4":{"start":{"line":39,"column":34},"end":{"line":42,"column":11}},"5":{"start":{"line":43,"column":25},"end":{"line":43,"column":45}},"6":{"start":{"line":49,"column":34},"end":{"line":52,"column":11}},"7":{"start":{"line":53,"column":25},"end":{"line":53,"column":45}},"8":{"start":{"line":62,"column":15},"end":{"line":133,"column":2}}},"fnMap":{"0":{"name":"OnboardingScreen","decl":{"start":{"line":5,"column":24},"end":{"line":5,"column":40}},"loc":{"start":{"line":5,"column":43},"end":{"line":60,"column":1}},"line":5},"1":{"name":"(anonymous_1)","decl":{"start":{"line":39,"column":17},"end":{"line":39,"column":18}},"loc":{"start":{"line":39,"column":34},"end":{"line":42,"column":11}},"line":39},"2":{"name":"(anonymous_2)","decl":{"start":{"line":43,"column":19},"end":{"line":43,"column":20}},"loc":{"start":{"line":43,"column":25},"end":{"line":43,"column":45}},"line":43},"3":{"name":"(anonymous_3)","decl":{"start":{"line":49,"column":17},"end":{"line":49,"column":18}},"loc":{"start":{"line":49,"column":34},"end":{"line":52,"column":11}},"line":49},"4":{"name":"(anonymous_4)","decl":{"start":{"line":53,"column":19},"end":{"line":53,"column":20}},"loc":{"start":{"line":53,"column":25},"end":{"line":53,"column":45}},"line":53}},"branchMap":{"0":{"loc":{"start":{"line":9,"column":2},"end":{"line":16,"column":3}},"type":"if","locations":[{"start":{"line":9,"column":2},"end":{"line":16,"column":3}},{"start":{},"end":{}}],"line":9},"1":{"loc":{"start":{"line":41,"column":12},"end":{"line":41,"column":43}},"type":"binary-expr","locations":[{"start":{"line":41,"column":12},"end":{"line":41,"column":19}},{"start":{"line":41,"column":23},"end":{"line":41,"column":43}}],"line":41},"2":{"loc":{"start":{"line":51,"column":12},"end":{"line":51,"column":43}},"type":"binary-expr","locations":[{"start":{"line":51,"column":12},"end":{"line":51,"column":19}},{"start":{"line":51,"column":23},"end":{"line":51,"column":43}}],"line":51}},"s":{"0":3,"1":3,"2":0,"3":3,"4":3,"5":0,"6":3,"7":0,"8":1},"f":{"0":3,"1":3,"2":0,"3":3,"4":0},"b":{"0":[0,3],"1":[3,0],"2":[3,0]},"_coverageSchema":"1a1c01bbd47fc00a2c39e90264f33305004495a9","hash":"7c221a26d2a6f33ebad961ddb53fc06b77f9308a"}
,"/Users/cami/care_connect_hearing/mobile_native/src/app/read-message.tsx": {"path":"/Users/cami/care_connect_hearing/mobile_native/src/app/read-message.tsx","statementMap":{"0":{"start":{"line":10,"column":40},"end":{"line":10,"column":55}},"1":{"start":{"line":11,"column":48},"end":{"line":11,"column":60}},"2":{"start":{"line":12,"column":30},"end":{"line":12,"column":87}},"3":{"start":{"line":14,"column":26},"end":{"line":23,"column":3}},"4":{"start":{"line":15,"column":4},"end":{"line":22,"column":5}},"5":{"start":{"line":16,"column":6},"end":{"line":16,"column":28}},"6":{"start":{"line":17,"column":6},"end":{"line":17,"column":63}},"7":{"start":{"line":19,"column":6},"end":{"line":19,"column":27}},"8":{"start":{"line":20,"column":6},"end":{"line":20,"column":32}},"9":{"start":{"line":21,"column":6},"end":{"line":21,"column":29}},"10":{"start":{"line":25,"column":26},"end":{"line":36,"column":3}},"11":{"start":{"line":26,"column":4},"end":{"line":35,"column":5}},"12":{"start":{"line":27,"column":6},"end":{"line":27,"column":15}},"13":{"start":{"line":30,"column":6},"end":{"line":34,"column":7}},"14":{"start":{"line":31,"column":8},"end":{"line":31,"column":22}},"15":{"start":{"line":33,"column":8},"end":{"line":33,"column":32}},"16":{"start":{"line":38,"column":2},"end":{"line":84,"column":4}},"17":{"start":{"line":60,"column":34},"end":{"line":64,"column":11}},"18":{"start":{"line":73,"column":34},"end":{"line":73,"column":89}},"19":{"start":{"line":74,"column":25},"end":{"line":74,"column":55}},"20":{"start":{"line":87,"column":15},"end":{"line":107,"column":2}}},"fnMap":{"0":{"name":"ReadMessageScreen","decl":{"start":{"line":9,"column":24},"end":{"line":9,"column":41}},"loc":{"start":{"line":9,"column":72},"end":{"line":85,"column":1}},"line":9},"1":{"name":"(anonymous_1)","decl":{"start":{"line":14,"column":26},"end":{"line":14,"column":27}},"loc":{"start":{"line":14,"column":32},"end":{"line":23,"column":3}},"line":14},"2":{"name":"(anonymous_2)","decl":{"start":{"line":25,"column":26},"end":{"line":25,"column":27}},"loc":{"start":{"line":25,"column":32},"end":{"line":36,"column":3}},"line":25},"3":{"name":"(anonymous_3)","decl":{"start":{"line":60,"column":17},"end":{"line":60,"column":18}},"loc":{"start":{"line":60,"column":34},"end":{"line":64,"column":11}},"line":60},"4":{"name":"(anonymous_4)","decl":{"start":{"line":73,"column":17},"end":{"line":73,"column":18}},"loc":{"start":{"line":73,"column":34},"end":{"line":73,"column":89}},"line":73},"5":{"name":"(anonymous_5)","decl":{"start":{"line":74,"column":19},"end":{"line":74,"column":20}},"loc":{"start":{"line":74,"column":25},"end":{"line":74,"column":55}},"line":74}},"branchMap":{"0":{"loc":{"start":{"line":15,"column":4},"end":{"line":22,"column":5}},"type":"if","locations":[{"start":{"line":15,"column":4},"end":{"line":22,"column":5}},{"start":{"line":18,"column":11},"end":{"line":22,"column":5}}],"line":15},"1":{"loc":{"start":{"line":26,"column":4},"end":{"line":35,"column":5}},"type":"if","locations":[{"start":{"line":26,"column":4},"end":{"line":35,"column":5}},{"start":{"line":28,"column":11},"end":{"line":35,"column":5}}],"line":26},"2":{"loc":{"start":{"line":30,"column":6},"end":{"line":34,"column":7}},"type":"if","locations":[{"start":{"line":30,"column":6},"end":{"line":34,"column":7}},{"start":{"line":32,"column":13},"end":{"line":34,"column":7}}],"line":30},"3":{"loc":{"start":{"line":48,"column":40},"end":{"line":48,"column":74}},"type":"binary-expr","locations":[{"start":{"line":48,"column":40},"end":{"line":48,"column":51}},{"start":{"line":48,"column":55},"end":{"line":48,"column":74}}],"line":48},"4":{"loc":{"start":{"line":54,"column":23},"end":{"line":54,"column":80}},"type":"cond-expr","locations":[{"start":{"line":54,"column":41},"end":{"line":54,"column":59}},{"start":{"line":54,"column":62},"end":{"line":54,"column":80}}],"line":54},"5":{"loc":{"start":{"line":55,"column":13},"end":{"line":55,"column":94}},"type":"binary-expr","locations":[{"start":{"line":55,"column":13},"end":{"line":55,"column":28}},{"start":{"line":55,"column":32},"end":{"line":55,"column":94}}],"line":55},"6":{"loc":{"start":{"line":62,"column":12},"end":{"line":62,"column":47}},"type":"binary-expr","locations":[{"start":{"line":62,"column":12},"end":{"line":62,"column":23}},{"start":{"line":62,"column":27},"end":{"line":62,"column":47}}],"line":62},"7":{"loc":{"start":{"line":63,"column":12},"end":{"line":63,"column":43}},"type":"binary-expr","locations":[{"start":{"line":63,"column":12},"end":{"line":63,"column":19}},{"start":{"line":63,"column":23},"end":{"line":63,"column":43}}],"line":63},"8":{"loc":{"start":{"line":68,"column":13},"end":{"line":68,"column":69}},"type":"cond-expr","locations":[{"start":{"line":68,"column":27},"end":{"line":68,"column":45}},{"start":{"line":68,"column":48},"end":{"line":68,"column":69}}],"line":68},"9":{"loc":{"start":{"line":73,"column":57},"end":{"line":73,"column":88}},"type":"binary-expr","locations":[{"start":{"line":73,"column":57},"end":{"line":73,"column":64}},{"start":{"line":73,"column":68},"end":{"line":73,"column":88}}],"line":73}},"s":{"0":5,"1":5,"2":5,"3":5,"4":1,"5":0,"6":0,"7":1,"8":1,"9":1,"10":5,"11":0,"12":0,"13":0,"14":0,"15":0,"16":5,"17":5,"18":5,"19":0,"20":1},"f":{"0":5,"1":1,"2":0,"3":5,"4":5,"5":0},"b":{"0":[0,1],"1":[0,0],"2":[0,0],"3":[5,1],"4":[0,5],"5":[5,5],"6":[5,1],"7":[5,0],"8":[1,4],"9":[5,0]},"_coverageSchema":"1a1c01bbd47fc00a2c39e90264f33305004495a9","hash":"2f13790e06677c7c767db171865f4d93f4c1541b"}
,"/Users/cami/care_connect_hearing/mobile_native/src/app/record-message.tsx": {"path":"/Users/cami/care_connect_hearing/mobile_native/src/app/record-message.tsx","statementMap":{"0":{"start":{"line":6,"column":40},"end":{"line":6,"column":55}},"1":{"start":{"line":7,"column":42},"end":{"line":7,"column":54}},"2":{"start":{"line":8,"column":36},"end":{"line":8,"column":53}},"3":{"start":{"line":9,"column":30},"end":{"line":9,"column":87}},"4":{"start":{"line":11,"column":26},"end":{"line":20,"column":3}},"5":{"start":{"line":12,"column":4},"end":{"line":19,"column":5}},"6":{"start":{"line":13,"column":6},"end":{"line":13,"column":28}},"7":{"start":{"line":14,"column":6},"end":{"line":14,"column":104}},"8":{"start":{"line":16,"column":6},"end":{"line":16,"column":27}},"9":{"start":{"line":17,"column":6},"end":{"line":17,"column":26}},"10":{"start":{"line":18,"column":6},"end":{"line":18,"column":43}},"11":{"start":{"line":22,"column":22},"end":{"line":26,"column":3}},"12":{"start":{"line":23,"column":4},"end":{"line":25,"column":7}},"13":{"start":{"line":24,"column":35},"end":{"line":24,"column":48}},"14":{"start":{"line":28,"column":25},"end":{"line":31,"column":3}},"15":{"start":{"line":29,"column":4},"end":{"line":29,"column":24}},"16":{"start":{"line":30,"column":4},"end":{"line":30,"column":63}},"17":{"start":{"line":33,"column":2},"end":{"line":87,"column":4}},"18":{"start":{"line":36,"column":34},"end":{"line":36,"column":47}},"19":{"start":{"line":63,"column":34},"end":{"line":67,"column":11}},"20":{"start":{"line":90,"column":15},"end":{"line":114,"column":2}}},"fnMap":{"0":{"name":"RecordMessageScreen","decl":{"start":{"line":5,"column":24},"end":{"line":5,"column":43}},"loc":{"start":{"line":5,"column":46},"end":{"line":88,"column":1}},"line":5},"1":{"name":"(anonymous_1)","decl":{"start":{"line":11,"column":26},"end":{"line":11,"column":27}},"loc":{"start":{"line":11,"column":32},"end":{"line":20,"column":3}},"line":11},"2":{"name":"(anonymous_2)","decl":{"start":{"line":22,"column":22},"end":{"line":22,"column":23}},"loc":{"start":{"line":22,"column":28},"end":{"line":26,"column":3}},"line":22},"3":{"name":"(anonymous_3)","decl":{"start":{"line":24,"column":29},"end":{"line":24,"column":30}},"loc":{"start":{"line":24,"column":35},"end":{"line":24,"column":48}},"line":24},"4":{"name":"(anonymous_4)","decl":{"start":{"line":28,"column":25},"end":{"line":28,"column":26}},"loc":{"start":{"line":28,"column":31},"end":{"line":31,"column":3}},"line":28},"5":{"name":"(anonymous_5)","decl":{"start":{"line":36,"column":28},"end":{"line":36,"column":29}},"loc":{"start":{"line":36,"column":34},"end":{"line":36,"column":47}},"line":36},"6":{"name":"(anonymous_6)","decl":{"start":{"line":63,"column":17},"end":{"line":63,"column":18}},"loc":{"start":{"line":63,"column":34},"end":{"line":67,"column":11}},"line":63}},"branchMap":{"0":{"loc":{"start":{"line":12,"column":4},"end":{"line":19,"column":5}},"type":"if","locations":[{"start":{"line":12,"column":4},"end":{"line":19,"column":5}},{"start":{"line":15,"column":11},"end":{"line":19,"column":5}}],"line":12},"1":{"loc":{"start":{"line":14,"column":16},"end":{"line":14,"column":102}},"type":"cond-expr","locations":[{"start":{"line":14,"column":31},"end":{"line":14,"column":69}},{"start":{"line":14,"column":72},"end":{"line":14,"column":102}}],"line":14},"2":{"loc":{"start":{"line":51,"column":40},"end":{"line":51,"column":77}},"type":"binary-expr","locations":[{"start":{"line":51,"column":40},"end":{"line":51,"column":51}},{"start":{"line":51,"column":55},"end":{"line":51,"column":77}}],"line":51},"3":{"loc":{"start":{"line":52,"column":43},"end":{"line":52,"column":69}},"type":"cond-expr","locations":[{"start":{"line":52,"column":57},"end":{"line":52,"column":61}},{"start":{"line":52,"column":64},"end":{"line":52,"column":69}}],"line":52},"4":{"loc":{"start":{"line":57,"column":23},"end":{"line":57,"column":74}},"type":"cond-expr","locations":[{"start":{"line":57,"column":38},"end":{"line":57,"column":53}},{"start":{"line":57,"column":56},"end":{"line":57,"column":74}}],"line":57},"5":{"loc":{"start":{"line":58,"column":13},"end":{"line":58,"column":74}},"type":"binary-expr","locations":[{"start":{"line":58,"column":13},"end":{"line":58,"column":25}},{"start":{"line":58,"column":29},"end":{"line":58,"column":74}}],"line":58},"6":{"loc":{"start":{"line":65,"column":12},"end":{"line":65,"column":50}},"type":"binary-expr","locations":[{"start":{"line":65,"column":12},"end":{"line":65,"column":23}},{"start":{"line":65,"column":27},"end":{"line":65,"column":50}}],"line":65},"7":{"loc":{"start":{"line":66,"column":12},"end":{"line":66,"column":43}},"type":"binary-expr","locations":[{"start":{"line":66,"column":12},"end":{"line":66,"column":19}},{"start":{"line":66,"column":23},"end":{"line":66,"column":43}}],"line":66},"8":{"loc":{"start":{"line":71,"column":13},"end":{"line":71,"column":69}},"type":"cond-expr","locations":[{"start":{"line":71,"column":27},"end":{"line":71,"column":45}},{"start":{"line":71,"column":48},"end":{"line":71,"column":69}}],"line":71},"9":{"loc":{"start":{"line":75,"column":9},"end":{"line":84,"column":9}},"type":"binary-expr","locations":[{"start":{"line":75,"column":9},"end":{"line":75,"column":28}},{"start":{"line":75,"column":32},"end":{"line":75,"column":44}},{"start":{"line":76,"column":10},"end":{"line":83,"column":17}}],"line":75}},"s":{"0":5,"1":5,"2":5,"3":5,"4":5,"5":1,"6":0,"7":0,"8":1,"9":1,"10":1,"11":5,"12":0,"13":0,"14":5,"15":0,"16":0,"17":5,"18":0,"19":5,"20":1},"f":{"0":5,"1":1,"2":0,"3":0,"4":0,"5":0,"6":5},"b":{"0":[0,1],"1":[0,0],"2":[5,1],"3":[1,4],"4":[0,5],"5":[5,5],"6":[5,1],"7":[5,0],"8":[1,4],"9":[5,0,0]},"_coverageSchema":"1a1c01bbd47fc00a2c39e90264f33305004495a9","hash":"2c6f1add4f5e26d709d79ad5901634488048c041"}
,"/Users/cami/care_connect_hearing/mobile_native/src/app/settings.tsx": {"path":"/Users/cami/care_connect_hearing/mobile_native/src/app/settings.tsx","statementMap":{"0":{"start":{"line":7,"column":38},"end":{"line":7,"column":51}},"1":{"start":{"line":8,"column":52},"end":{"line":8,"column":65}},"2":{"start":{"line":9,"column":34},"end":{"line":9,"column":47}},"3":{"start":{"line":10,"column":46},"end":{"line":10,"column":60}},"4":{"start":{"line":13,"column":28},"end":{"line":17,"column":3}},"5":{"start":{"line":14,"column":4},"end":{"line":14,"column":35}},"6":{"start":{"line":14,"column":21},"end":{"line":14,"column":35}},"7":{"start":{"line":15,"column":4},"end":{"line":15,"column":38}},"8":{"start":{"line":15,"column":22},"end":{"line":15,"column":38}},"9":{"start":{"line":16,"column":4},"end":{"line":16,"column":18}},"10":{"start":{"line":20,"column":32},"end":{"line":24,"column":3}},"11":{"start":{"line":21,"column":4},"end":{"line":21,"column":40}},"12":{"start":{"line":21,"column":24},"end":{"line":21,"column":40}},"13":{"start":{"line":22,"column":4},"end":{"line":22,"column":41}},"14":{"start":{"line":22,"column":25},"end":{"line":22,"column":41}},"15":{"start":{"line":23,"column":4},"end":{"line":23,"column":20}},"16":{"start":{"line":26,"column":2},"end":{"line":181,"column":4}},"17":{"start":{"line":55,"column":38},"end":{"line":55,"column":79}},"18":{"start":{"line":95,"column":38},"end":{"line":95,"column":75}},"19":{"start":{"line":135,"column":38},"end":{"line":135,"column":66}},"20":{"start":{"line":184,"column":15},"end":{"line":216,"column":2}}},"fnMap":{"0":{"name":"SettingsScreen","decl":{"start":{"line":5,"column":24},"end":{"line":5,"column":38}},"loc":{"start":{"line":5,"column":41},"end":{"line":182,"column":1}},"line":5},"1":{"name":"(anonymous_1)","decl":{"start":{"line":13,"column":28},"end":{"line":13,"column":29}},"loc":{"start":{"line":13,"column":47},"end":{"line":17,"column":3}},"line":13},"2":{"name":"(anonymous_2)","decl":{"start":{"line":20,"column":32},"end":{"line":20,"column":33}},"loc":{"start":{"line":20,"column":54},"end":{"line":24,"column":3}},"line":20},"3":{"name":"(anonymous_3)","decl":{"start":{"line":55,"column":29},"end":{"line":55,"column":30}},"loc":{"start":{"line":55,"column":38},"end":{"line":55,"column":79}},"line":55},"4":{"name":"(anonymous_4)","decl":{"start":{"line":95,"column":29},"end":{"line":95,"column":30}},"loc":{"start":{"line":95,"column":38},"end":{"line":95,"column":75}},"line":95},"5":{"name":"(anonymous_5)","decl":{"start":{"line":135,"column":29},"end":{"line":135,"column":30}},"loc":{"start":{"line":135,"column":38},"end":{"line":135,"column":66}},"line":135}},"branchMap":{"0":{"loc":{"start":{"line":14,"column":4},"end":{"line":14,"column":35}},"type":"if","locations":[{"start":{"line":14,"column":4},"end":{"line":14,"column":35}},{"start":{},"end":{}}],"line":14},"1":{"loc":{"start":{"line":15,"column":4},"end":{"line":15,"column":38}},"type":"if","locations":[{"start":{"line":15,"column":4},"end":{"line":15,"column":38}},{"start":{},"end":{}}],"line":15},"2":{"loc":{"start":{"line":21,"column":4},"end":{"line":21,"column":40}},"type":"if","locations":[{"start":{"line":21,"column":4},"end":{"line":21,"column":40}},{"start":{},"end":{}}],"line":21},"3":{"loc":{"start":{"line":22,"column":4},"end":{"line":22,"column":41}},"type":"if","locations":[{"start":{"line":22,"column":4},"end":{"line":22,"column":41}},{"start":{},"end":{}}],"line":22},"4":{"loc":{"start":{"line":159,"column":53},"end":{"line":159,"column":82}},"type":"cond-expr","locations":[{"start":{"line":159,"column":70},"end":{"line":159,"column":74}},{"start":{"line":159,"column":77},"end":{"line":159,"column":82}}],"line":159}},"s":{"0":3,"1":3,"2":3,"3":3,"4":3,"5":9,"6":0,"7":9,"8":9,"9":0,"10":3,"11":9,"12":0,"13":9,"14":9,"15":0,"16":3,"17":0,"18":0,"19":0,"20":1},"f":{"0":3,"1":9,"2":9,"3":0,"4":0,"5":0},"b":{"0":[0,9],"1":[9,0],"2":[0,9],"3":[9,0],"4":[3,0]},"_coverageSchema":"1a1c01bbd47fc00a2c39e90264f33305004495a9","hash":"e0daf48c984c4a40afa4c1c5625f67cd0bfb96c4"}
}
