{"C:\\Users\\kraus\\Documents\\repos\\care_connect_hearing\\mobile_native\\src\\app\\log.tsx": {"path":"C:\\Users\\kraus\\Documents\\repos\\care_connect_hearing\\mobile_native\\src\\app\\log.tsx","statementMap":{"0":{"start":{"line":8,"column":21},"end":{"line":8,"column":36}},"1":{"start":{"line":9,"column":42},"end":{"line":9,"column":69}},"2":{"start":{"line":11,"column":33},"end":{"line":16,"column":3}},"3":{"start":{"line":12,"column":4},"end":{"line":12,"column":49}},"4":{"start":{"line":12,"column":32},"end":{"line":12,"column":49}},"5":{"start":{"line":13,"column":4},"end":{"line":13,"column":46}},"6":{"start":{"line":13,"column":29},"end":{"line":13,"column":46}},"7":{"start":{"line":14,"column":4},"end":{"line":14,"column":61}},"8":{"start":{"line":14,"column":44},"end":{"line":14,"column":61}},"9":{"start":{"line":15,"column":4},"end":{"line":15,"column":21}},"10":{"start":{"line":18,"column":30},"end":{"line":21,"column":4}},"11":{"start":{"line":19,"column":4},"end":{"line":19,"column":44}},"12":{"start":{"line":19,"column":32},"end":{"line":19,"column":44}},"13":{"start":{"line":20,"column":4},"end":{"line":20,"column":39}},"14":{"start":{"line":23,"column":35},"end":{"line":27,"column":41}},"15":{"start":{"line":24,"column":4},"end":{"line":24,"column":67}},"16":{"start":{"line":24,"column":36},"end":{"line":24,"column":67}},"17":{"start":{"line":25,"column":4},"end":{"line":25,"column":47}},"18":{"start":{"line":26,"column":4},"end":{"line":26,"column":15}},"19":{"start":{"line":29,"column":2},"end":{"line":84,"column":4}},"20":{"start":{"line":38,"column":10},"end":{"line":47,"column":22}},"21":{"start":{"line":41,"column":27},"end":{"line":41,"column":54}},"22":{"start":{"line":57,"column":10},"end":{"line":79,"column":17}},"23":{"start":{"line":61,"column":16},"end":{"line":76,"column":23}},"24":{"start":{"line":87,"column":15},"end":{"line":109,"column":2}}},"fnMap":{"0":{"name":"LogScreen","decl":{"start":{"line":7,"column":24},"end":{"line":7,"column":33}},"loc":{"start":{"line":7,"column":36},"end":{"line":85,"column":1}},"line":7},"1":{"name":"(anonymous_1)","decl":{"start":{"line":11,"column":33},"end":{"line":11,"column":34}},"loc":{"start":{"line":11,"column":66},"end":{"line":16,"column":3}},"line":11},"2":{"name":"(anonymous_2)","decl":{"start":{"line":18,"column":44},"end":{"line":18,"column":45}},"loc":{"start":{"line":18,"column":53},"end":{"line":21,"column":3}},"line":18},"3":{"name":"(anonymous_3)","decl":{"start":{"line":23,"column":62},"end":{"line":23,"column":63}},"loc":{"start":{"line":23,"column":83},"end":{"line":27,"column":3}},"line":23},"4":{"name":"(anonymous_4)","decl":{"start":{"line":37,"column":62},"end":{"line":37,"column":63}},"loc":{"start":{"line":38,"column":10},"end":{"line":47,"column":22}},"line":38},"5":{"name":"(anonymous_5)","decl":{"start":{"line":41,"column":21},"end":{"line":41,"column":22}},"loc":{"start":{"line":41,"column":27},"end":{"line":41,"column":54}},"line":41},"6":{"name":"(anonymous_6)","decl":{"start":{"line":56,"column":53},"end":{"line":56,"column":54}},"loc":{"start":{"line":57,"column":10},"end":{"line":79,"column":17}},"line":57},"7":{"name":"(anonymous_7)","decl":{"start":{"line":60,"column":38},"end":{"line":60,"column":39}},"loc":{"start":{"line":61,"column":16},"end":{"line":76,"column":23}},"line":61}},"branchMap":{"0":{"loc":{"start":{"line":12,"column":4},"end":{"line":12,"column":49}},"type":"if","locations":[{"start":{"line":12,"column":4},"end":{"line":12,"column":49}},{"start":{},"end":{}}],"line":12},"1":{"loc":{"start":{"line":13,"column":4},"end":{"line":13,"column":46}},"type":"if","locations":[{"start":{"line":13,"column":4},"end":{"line":13,"column":46}},{"start":{},"end":{}}],"line":13},"2":{"loc":{"start":{"line":14,"column":4},"end":{"line":14,"column":61}},"type":"if","locations":[{"start":{"line":14,"column":4},"end":{"line":14,"column":61}},{"start":{},"end":{}}],"line":14},"3":{"loc":{"start":{"line":19,"column":4},"end":{"line":19,"column":44}},"type":"if","locations":[{"start":{"line":19,"column":4},"end":{"line":19,"column":44}},{"start":{},"end":{}}],"line":19},"4":{"loc":{"start":{"line":24,"column":4},"end":{"line":24,"column":67}},"type":"if","locations":[{"start":{"line":24,"column":4},"end":{"line":24,"column":67}},{"start":{},"end":{}}],"line":24},"5":{"loc":{"start":{"line":42,"column":39},"end":{"line":42,"column":91}},"type":"binary-expr","locations":[{"start":{"line":42,"column":39},"end":{"line":42,"column":66}},{"start":{"line":42,"column":70},"end":{"line":42,"column":91}}],"line":42},"6":{"loc":{"start":{"line":44,"column":49},"end":{"line":44,"column":103}},"type":"binary-expr","locations":[{"start":{"line":44,"column":49},"end":{"line":44,"column":76}},{"start":{"line":44,"column":80},"end":{"line":44,"column":103}}],"line":44},"7":{"loc":{"start":{"line":51,"column":7},"end":{"line":81,"column":7}},"type":"cond-expr","locations":[{"start":{"line":52,"column":8},"end":{"line":54,"column":15}},{"start":{"line":56,"column":8},"end":{"line":80,"column":10}}],"line":51}},"s":{"0":0,"1":0,"2":0,"3":0,"4":0,"5":0,"6":0,"7":0,"8":0,"9":0,"10":0,"11":0,"12":0,"13":0,"14":0,"15":0,"16":0,"17":0,"18":0,"19":0,"20":0,"21":0,"22":0,"23":0,"24":0},"f":{"0":0,"1":0,"2":0,"3":0,"4":0,"5":0,"6":0,"7":0},"b":{"0":[0,0],"1":[0,0],"2":[0,0],"3":[0,0],"4":[0,0],"5":[0,0],"6":[0,0],"7":[0,0]}}
,"C:\\Users\\kraus\\Documents\\repos\\care_connect_hearing\\mobile_native\\src\\app\\read-message.tsx": {"path":"C:\\Users\\kraus\\Documents\\repos\\care_connect_hearing\\mobile_native\\src\\app\\read-message.tsx","statementMap":{"0":{"start":{"line":11,"column":40},"end":{"line":11,"column":55}},"1":{"start":{"line":12,"column":48},"end":{"line":12,"column":60}},"2":{"start":{"line":13,"column":30},"end":{"line":13,"column":87}},"3":{"start":{"line":15,"column":26},"end":{"line":24,"column":3}},"4":{"start":{"line":16,"column":4},"end":{"line":23,"column":5}},"5":{"start":{"line":17,"column":6},"end":{"line":17,"column":28}},"6":{"start":{"line":18,"column":6},"end":{"line":18,"column":63}},"7":{"start":{"line":20,"column":6},"end":{"line":20,"column":27}},"8":{"start":{"line":21,"column":6},"end":{"line":21,"column":32}},"9":{"start":{"line":22,"column":6},"end":{"line":22,"column":29}},"10":{"start":{"line":26,"column":26},"end":{"line":36,"column":3}},"11":{"start":{"line":27,"column":4},"end":{"line":35,"column":5}},"12":{"start":{"line":28,"column":6},"end":{"line":28,"column":15}},"13":{"start":{"line":30,"column":6},"end":{"line":34,"column":7}},"14":{"start":{"line":31,"column":8},"end":{"line":31,"column":22}},"15":{"start":{"line":33,"column":8},"end":{"line":33,"column":32}},"16":{"start":{"line":38,"column":2},"end":{"line":84,"column":4}},"17":{"start":{"line":60,"column":34},"end":{"line":64,"column":11}},"18":{"start":{"line":73,"column":34},"end":{"line":73,"column":89}},"19":{"start":{"line":74,"column":25},"end":{"line":74,"column":55}},"20":{"start":{"line":87,"column":15},"end":{"line":107,"column":2}}},"fnMap":{"0":{"name":"ReadMessageScreen","decl":{"start":{"line":10,"column":24},"end":{"line":10,"column":41}},"loc":{"start":{"line":10,"column":72},"end":{"line":85,"column":1}},"line":10},"1":{"name":"(anonymous_1)","decl":{"start":{"line":15,"column":26},"end":{"line":15,"column":27}},"loc":{"start":{"line":15,"column":32},"end":{"line":24,"column":3}},"line":15},"2":{"name":"(anonymous_2)","decl":{"start":{"line":26,"column":26},"end":{"line":26,"column":27}},"loc":{"start":{"line":26,"column":32},"end":{"line":36,"column":3}},"line":26},"3":{"name":"(anonymous_3)","decl":{"start":{"line":60,"column":17},"end":{"line":60,"column":18}},"loc":{"start":{"line":60,"column":34},"end":{"line":64,"column":11}},"line":60},"4":{"name":"(anonymous_4)","decl":{"start":{"line":73,"column":17},"end":{"line":73,"column":18}},"loc":{"start":{"line":73,"column":34},"end":{"line":73,"column":89}},"line":73},"5":{"name":"(anonymous_5)","decl":{"start":{"line":74,"column":19},"end":{"line":74,"column":20}},"loc":{"start":{"line":74,"column":25},"end":{"line":74,"column":55}},"line":74}},"branchMap":{"0":{"loc":{"start":{"line":16,"column":4},"end":{"line":23,"column":5}},"type":"if","locations":[{"start":{"line":16,"column":4},"end":{"line":23,"column":5}},{"start":{"line":19,"column":11},"end":{"line":23,"column":5}}],"line":16},"1":{"loc":{"start":{"line":27,"column":4},"end":{"line":35,"column":5}},"type":"if","locations":[{"start":{"line":27,"column":4},"end":{"line":35,"column":5}},{"start":{"line":29,"column":11},"end":{"line":35,"column":5}}],"line":27},"2":{"loc":{"start":{"line":30,"column":6},"end":{"line":34,"column":7}},"type":"if","locations":[{"start":{"line":30,"column":6},"end":{"line":34,"column":7}},{"start":{"line":32,"column":13},"end":{"line":34,"column":7}}],"line":30},"3":{"loc":{"start":{"line":48,"column":40},"end":{"line":48,"column":74}},"type":"binary-expr","locations":[{"start":{"line":48,"column":40},"end":{"line":48,"column":51}},{"start":{"line":48,"column":55},"end":{"line":48,"column":74}}],"line":48},"4":{"loc":{"start":{"line":54,"column":23},"end":{"line":54,"column":80}},"type":"cond-expr","locations":[{"start":{"line":54,"column":41},"end":{"line":54,"column":59}},{"start":{"line":54,"column":62},"end":{"line":54,"column":80}}],"line":54},"5":{"loc":{"start":{"line":55,"column":13},"end":{"line":55,"column":94}},"type":"binary-expr","locations":[{"start":{"line":55,"column":13},"end":{"line":55,"column":28}},{"start":{"line":55,"column":32},"end":{"line":55,"column":94}}],"line":55},"6":{"loc":{"start":{"line":62,"column":12},"end":{"line":62,"column":47}},"type":"binary-expr","locations":[{"start":{"line":62,"column":12},"end":{"line":62,"column":23}},{"start":{"line":62,"column":27},"end":{"line":62,"column":47}}],"line":62},"7":{"loc":{"start":{"line":63,"column":12},"end":{"line":63,"column":43}},"type":"binary-expr","locations":[{"start":{"line":63,"column":12},"end":{"line":63,"column":19}},{"start":{"line":63,"column":23},"end":{"line":63,"column":43}}],"line":63},"8":{"loc":{"start":{"line":68,"column":13},"end":{"line":68,"column":69}},"type":"cond-expr","locations":[{"start":{"line":68,"column":27},"end":{"line":68,"column":45}},{"start":{"line":68,"column":48},"end":{"line":68,"column":69}}],"line":68},"9":{"loc":{"start":{"line":73,"column":57},"end":{"line":73,"column":88}},"type":"binary-expr","locations":[{"start":{"line":73,"column":57},"end":{"line":73,"column":64}},{"start":{"line":73,"column":68},"end":{"line":73,"column":88}}],"line":73}},"s":{"0":0,"1":0,"2":0,"3":0,"4":0,"5":0,"6":0,"7":0,"8":0,"9":0,"10":0,"11":0,"12":0,"13":0,"14":0,"15":0,"16":0,"17":0,"18":0,"19":0,"20":0},"f":{"0":0,"1":0,"2":0,"3":0,"4":0,"5":0},"b":{"0":[0,0],"1":[0,0],"2":[0,0],"3":[0,0],"4":[0,0],"5":[0,0],"6":[0,0],"7":[0,0],"8":[0,0],"9":[0,0]}}
,"C:\\Users\\kraus\\Documents\\repos\\care_connect_hearing\\mobile_native\\src\\app\\record-message.tsx": {"path":"C:\\Users\\kraus\\Documents\\repos\\care_connect_hearing\\mobile_native\\src\\app\\record-message.tsx","statementMap":{"0":{"start":{"line":7,"column":40},"end":{"line":7,"column":55}},"1":{"start":{"line":8,"column":42},"end":{"line":8,"column":54}},"2":{"start":{"line":9,"column":36},"end":{"line":9,"column":53}},"3":{"start":{"line":10,"column":30},"end":{"line":10,"column":87}},"4":{"start":{"line":12,"column":26},"end":{"line":21,"column":3}},"5":{"start":{"line":13,"column":4},"end":{"line":20,"column":5}},"6":{"start":{"line":14,"column":6},"end":{"line":14,"column":28}},"7":{"start":{"line":15,"column":6},"end":{"line":15,"column":104}},"8":{"start":{"line":17,"column":6},"end":{"line":17,"column":27}},"9":{"start":{"line":18,"column":6},"end":{"line":18,"column":26}},"10":{"start":{"line":19,"column":6},"end":{"line":19,"column":43}},"11":{"start":{"line":23,"column":22},"end":{"line":27,"column":3}},"12":{"start":{"line":24,"column":4},"end":{"line":26,"column":7}},"13":{"start":{"line":25,"column":35},"end":{"line":25,"column":48}},"14":{"start":{"line":29,"column":25},"end":{"line":32,"column":3}},"15":{"start":{"line":30,"column":4},"end":{"line":30,"column":24}},"16":{"start":{"line":31,"column":4},"end":{"line":31,"column":63}},"17":{"start":{"line":34,"column":2},"end":{"line":88,"column":4}},"18":{"start":{"line":37,"column":34},"end":{"line":37,"column":47}},"19":{"start":{"line":64,"column":34},"end":{"line":68,"column":11}},"20":{"start":{"line":91,"column":15},"end":{"line":115,"column":2}}},"fnMap":{"0":{"name":"RecordMessageScreen","decl":{"start":{"line":6,"column":24},"end":{"line":6,"column":43}},"loc":{"start":{"line":6,"column":46},"end":{"line":89,"column":1}},"line":6},"1":{"name":"(anonymous_1)","decl":{"start":{"line":12,"column":26},"end":{"line":12,"column":27}},"loc":{"start":{"line":12,"column":32},"end":{"line":21,"column":3}},"line":12},"2":{"name":"(anonymous_2)","decl":{"start":{"line":23,"column":22},"end":{"line":23,"column":23}},"loc":{"start":{"line":23,"column":28},"end":{"line":27,"column":3}},"line":23},"3":{"name":"(anonymous_3)","decl":{"start":{"line":25,"column":29},"end":{"line":25,"column":30}},"loc":{"start":{"line":25,"column":35},"end":{"line":25,"column":48}},"line":25},"4":{"name":"(anonymous_4)","decl":{"start":{"line":29,"column":25},"end":{"line":29,"column":26}},"loc":{"start":{"line":29,"column":31},"end":{"line":32,"column":3}},"line":29},"5":{"name":"(anonymous_5)","decl":{"start":{"line":37,"column":28},"end":{"line":37,"column":29}},"loc":{"start":{"line":37,"column":34},"end":{"line":37,"column":47}},"line":37},"6":{"name":"(anonymous_6)","decl":{"start":{"line":64,"column":17},"end":{"line":64,"column":18}},"loc":{"start":{"line":64,"column":34},"end":{"line":68,"column":11}},"line":64}},"branchMap":{"0":{"loc":{"start":{"line":13,"column":4},"end":{"line":20,"column":5}},"type":"if","locations":[{"start":{"line":13,"column":4},"end":{"line":20,"column":5}},{"start":{"line":16,"column":11},"end":{"line":20,"column":5}}],"line":13},"1":{"loc":{"start":{"line":15,"column":16},"end":{"line":15,"column":102}},"type":"cond-expr","locations":[{"start":{"line":15,"column":31},"end":{"line":15,"column":69}},{"start":{"line":15,"column":72},"end":{"line":15,"column":102}}],"line":15},"2":{"loc":{"start":{"line":52,"column":40},"end":{"line":52,"column":77}},"type":"binary-expr","locations":[{"start":{"line":52,"column":40},"end":{"line":52,"column":51}},{"start":{"line":52,"column":55},"end":{"line":52,"column":77}}],"line":52},"3":{"loc":{"start":{"line":53,"column":43},"end":{"line":53,"column":69}},"type":"cond-expr","locations":[{"start":{"line":53,"column":57},"end":{"line":53,"column":61}},{"start":{"line":53,"column":64},"end":{"line":53,"column":69}}],"line":53},"4":{"loc":{"start":{"line":58,"column":23},"end":{"line":58,"column":74}},"type":"cond-expr","locations":[{"start":{"line":58,"column":38},"end":{"line":58,"column":53}},{"start":{"line":58,"column":56},"end":{"line":58,"column":74}}],"line":58},"5":{"loc":{"start":{"line":59,"column":13},"end":{"line":59,"column":74}},"type":"binary-expr","locations":[{"start":{"line":59,"column":13},"end":{"line":59,"column":25}},{"start":{"line":59,"column":29},"end":{"line":59,"column":74}}],"line":59},"6":{"loc":{"start":{"line":66,"column":12},"end":{"line":66,"column":50}},"type":"binary-expr","locations":[{"start":{"line":66,"column":12},"end":{"line":66,"column":23}},{"start":{"line":66,"column":27},"end":{"line":66,"column":50}}],"line":66},"7":{"loc":{"start":{"line":67,"column":12},"end":{"line":67,"column":43}},"type":"binary-expr","locations":[{"start":{"line":67,"column":12},"end":{"line":67,"column":19}},{"start":{"line":67,"column":23},"end":{"line":67,"column":43}}],"line":67},"8":{"loc":{"start":{"line":72,"column":13},"end":{"line":72,"column":69}},"type":"cond-expr","locations":[{"start":{"line":72,"column":27},"end":{"line":72,"column":45}},{"start":{"line":72,"column":48},"end":{"line":72,"column":69}}],"line":72},"9":{"loc":{"start":{"line":76,"column":9},"end":{"line":85,"column":9}},"type":"binary-expr","locations":[{"start":{"line":76,"column":9},"end":{"line":76,"column":28}},{"start":{"line":76,"column":32},"end":{"line":76,"column":44}},{"start":{"line":77,"column":10},"end":{"line":84,"column":17}}],"line":76}},"s":{"0":0,"1":0,"2":0,"3":0,"4":0,"5":0,"6":0,"7":0,"8":0,"9":0,"10":0,"11":0,"12":0,"13":0,"14":0,"15":0,"16":0,"17":0,"18":0,"19":0,"20":0},"f":{"0":0,"1":0,"2":0,"3":0,"4":0,"5":0,"6":0},"b":{"0":[0,0],"1":[0,0],"2":[0,0],"3":[0,0],"4":[0,0],"5":[0,0],"6":[0,0],"7":[0,0],"8":[0,0],"9":[0,0,0]}}
,"C:\\Users\\kraus\\Documents\\repos\\care_connect_hearing\\mobile_native\\src\\app\\settings.tsx": {"path":"C:\\Users\\kraus\\Documents\\repos\\care_connect_hearing\\mobile_native\\src\\app\\settings.tsx","statementMap":{"0":{"start":{"line":6,"column":38},"end":{"line":6,"column":51}},"1":{"start":{"line":7,"column":52},"end":{"line":7,"column":65}},"2":{"start":{"line":8,"column":34},"end":{"line":8,"column":47}},"3":{"start":{"line":9,"column":46},"end":{"line":9,"column":60}},"4":{"start":{"line":11,"column":28},"end":{"line":15,"column":3}},"5":{"start":{"line":12,"column":4},"end":{"line":12,"column":35}},"6":{"start":{"line":12,"column":21},"end":{"line":12,"column":35}},"7":{"start":{"line":13,"column":4},"end":{"line":13,"column":38}},"8":{"start":{"line":13,"column":22},"end":{"line":13,"column":38}},"9":{"start":{"line":14,"column":4},"end":{"line":14,"column":18}},"10":{"start":{"line":17,"column":32},"end":{"line":21,"column":3}},"11":{"start":{"line":18,"column":4},"end":{"line":18,"column":40}},"12":{"start":{"line":18,"column":24},"end":{"line":18,"column":40}},"13":{"start":{"line":19,"column":4},"end":{"line":19,"column":41}},"14":{"start":{"line":19,"column":25},"end":{"line":19,"column":41}},"15":{"start":{"line":20,"column":4},"end":{"line":20,"column":20}},"16":{"start":{"line":23,"column":2},"end":{"line":173,"column":4}},"17":{"start":{"line":52,"column":38},"end":{"line":52,"column":79}},"18":{"start":{"line":90,"column":38},"end":{"line":90,"column":75}},"19":{"start":{"line":128,"column":38},"end":{"line":128,"column":66}},"20":{"start":{"line":176,"column":15},"end":{"line":208,"column":2}}},"fnMap":{"0":{"name":"SettingsScreen","decl":{"start":{"line":5,"column":24},"end":{"line":5,"column":38}},"loc":{"start":{"line":5,"column":41},"end":{"line":174,"column":1}},"line":5},"1":{"name":"(anonymous_1)","decl":{"start":{"line":11,"column":28},"end":{"line":11,"column":29}},"loc":{"start":{"line":11,"column":47},"end":{"line":15,"column":3}},"line":11},"2":{"name":"(anonymous_2)","decl":{"start":{"line":17,"column":32},"end":{"line":17,"column":33}},"loc":{"start":{"line":17,"column":54},"end":{"line":21,"column":3}},"line":17},"3":{"name":"(anonymous_3)","decl":{"start":{"line":52,"column":29},"end":{"line":52,"column":30}},"loc":{"start":{"line":52,"column":38},"end":{"line":52,"column":79}},"line":52},"4":{"name":"(anonymous_4)","decl":{"start":{"line":90,"column":29},"end":{"line":90,"column":30}},"loc":{"start":{"line":90,"column":38},"end":{"line":90,"column":75}},"line":90},"5":{"name":"(anonymous_5)","decl":{"start":{"line":128,"column":29},"end":{"line":128,"column":30}},"loc":{"start":{"line":128,"column":38},"end":{"line":128,"column":66}},"line":128}},"branchMap":{"0":{"loc":{"start":{"line":12,"column":4},"end":{"line":12,"column":35}},"type":"if","locations":[{"start":{"line":12,"column":4},"end":{"line":12,"column":35}},{"start":{},"end":{}}],"line":12},"1":{"loc":{"start":{"line":13,"column":4},"end":{"line":13,"column":38}},"type":"if","locations":[{"start":{"line":13,"column":4},"end":{"line":13,"column":38}},{"start":{},"end":{}}],"line":13},"2":{"loc":{"start":{"line":18,"column":4},"end":{"line":18,"column":40}},"type":"if","locations":[{"start":{"line":18,"column":4},"end":{"line":18,"column":40}},{"start":{},"end":{}}],"line":18},"3":{"loc":{"start":{"line":19,"column":4},"end":{"line":19,"column":41}},"type":"if","locations":[{"start":{"line":19,"column":4},"end":{"line":19,"column":41}},{"start":{},"end":{}}],"line":19},"4":{"loc":{"start":{"line":150,"column":53},"end":{"line":150,"column":82}},"type":"cond-expr","locations":[{"start":{"line":150,"column":70},"end":{"line":150,"column":74}},{"start":{"line":150,"column":77},"end":{"line":150,"column":82}}],"line":150}},"s":{"0":0,"1":0,"2":0,"3":0,"4":0,"5":0,"6":0,"7":0,"8":0,"9":0,"10":0,"11":0,"12":0,"13":0,"14":0,"15":0,"16":0,"17":0,"18":0,"19":0,"20":0},"f":{"0":0,"1":0,"2":0,"3":0,"4":0,"5":0},"b":{"0":[0,0],"1":[0,0],"2":[0,0],"3":[0,0],"4":[0,0]}}
}
