TN:
SF:src/app/read-message.tsx
FN:9,ReadMessageScreen
FN:14,(anonymous_1)
FN:25,(anonymous_2)
FN:60,(anonymous_3)
FN:73,(anonymous_4)
FN:74,(anonymous_5)
FNF:6
FNH:6
FNDA:7,ReadMessageScreen
FNDA:2,(anonymous_1)
FNDA:1,(anonymous_2)
FNDA:7,(anonymous_3)
FNDA:7,(anonymous_4)
FNDA:1,(anonymous_5)
DA:10,7
DA:11,7
DA:12,7
DA:14,7
DA:15,2
DA:16,1
DA:17,1
DA:19,1
DA:20,1
DA:21,1
DA:25,7
DA:26,1
DA:27,0
DA:30,1
DA:31,1
DA:33,0
DA:38,7
DA:60,7
DA:73,7
DA:74,1
DA:87,1
LF:21
LH:19
BRDA:15,0,0,1
BRDA:15,0,1,1
BRDA:26,1,0,0
BRDA:26,1,1,1
BRDA:30,2,0,1
BRDA:30,2,1,0
BRDA:48,3,0,7
BRDA:48,3,1,1
BRDA:54,4,0,0
BRDA:54,4,1,7
BRDA:55,5,0,7
BRDA:55,5,1,7
BRDA:62,6,0,7
BRDA:62,6,1,1
BRDA:63,7,0,7
BRDA:63,7,1,0
BRDA:68,8,0,1
BRDA:68,8,1,6
BRDA:73,9,0,7
BRDA:73,9,1,0
BRF:20
BRH:15
end_of_record
TN:
SF:src/app/record-message.tsx
FN:5,RecordMessageScreen
FN:11,(anonymous_1)
FN:22,(anonymous_2)
FN:24,(anonymous_3)
FN:28,(anonymous_4)
FN:36,(anonymous_5)
FN:63,(anonymous_6)
FNF:7
FNH:4
FNDA:6,RecordMessageScreen
FNDA:2,(anonymous_1)
FNDA:0,(anonymous_2)
FNDA:0,(anonymous_3)
FNDA:0,(anonymous_4)
FNDA:1,(anonymous_5)
FNDA:6,(anonymous_6)
DA:6,6
DA:7,6
DA:8,6
DA:9,6
DA:11,6
DA:12,2
DA:13,1
DA:14,1
DA:16,1
DA:17,1
DA:18,1
DA:22,6
DA:23,0
DA:24,0
DA:28,6
DA:29,0
DA:30,0
DA:33,6
DA:36,1
DA:63,6
DA:90,1
LF:21
LH:17
BRDA:12,0,0,1
BRDA:12,0,1,1
BRDA:14,1,0,0
BRDA:14,1,1,1
BRDA:51,2,0,6
BRDA:51,2,1,1
BRDA:52,3,0,1
BRDA:52,3,1,5
BRDA:57,4,0,0
BRDA:57,4,1,6
BRDA:58,5,0,6
BRDA:58,5,1,6
BRDA:65,6,0,6
BRDA:65,6,1,1
BRDA:66,7,0,6
BRDA:66,7,1,0
BRDA:71,8,0,1
BRDA:71,8,1,5
BRDA:75,9,0,6
BRDA:75,9,1,0
BRDA:75,9,2,0
BRF:21
BRH:16
end_of_record
TN:
SF:src/app/settings.tsx
FN:5,SettingsScreen
FN:13,(anonymous_1)
FN:20,(anonymous_2)
FN:55,(anonymous_3)
FN:95,(anonymous_4)
FN:135,(anonymous_5)
FNF:6
FNH:3
FNDA:3,SettingsScreen
FNDA:9,(anonymous_1)
FNDA:9,(anonymous_2)
FNDA:0,(anonymous_3)
FNDA:0,(anonymous_4)
FNDA:0,(anonymous_5)
DA:7,3
DA:8,3
DA:9,3
DA:10,3
DA:13,3
DA:14,9
DA:15,9
DA:16,0
DA:20,3
DA:21,9
DA:22,9
DA:23,0
DA:26,3
DA:55,0
DA:95,0
DA:135,0
DA:184,1
LF:17
LH:12
BRDA:14,0,0,0
BRDA:14,0,1,9
BRDA:15,1,0,9
BRDA:15,1,1,0
BRDA:21,2,0,0
BRDA:21,2,1,9
BRDA:22,3,0,9
BRDA:22,3,1,0
BRDA:159,4,0,3
BRDA:159,4,1,0
BRF:10
BRH:5
end_of_record
